e:\glgems\glew-2.1.0\bin\glew.dir\debug\vc142.pdb
e:\glgems\glew-2.1.0\bin\glew.dir\debug\glew.obj
e:\glgems\glew-2.1.0\bin\cmakefiles\generate.stamp
e:\glgems\glew-2.1.0\bin\lib\debug\glew32d.lib
e:\glgems\glew-2.1.0\bin\lib\debug\glew32d.exp
e:\glgems\glew-2.1.0\bin\glew.dir\debug\glew32.dll.ilk
e:\glgems\glew-2.1.0\bin\bin\debug\glew32.dll.dll
e:\glgems\glew-2.1.0\bin\bin\debug\glew32d.pdb
e:\glgems\glew-2.1.0\bin\glew.dir\debug\glew.res
e:\glgems\glew-2.1.0\bin\glew.dir\debug\glew.tlog\cl.command.1.tlog
e:\glgems\glew-2.1.0\bin\glew.dir\debug\glew.tlog\cl.read.1.tlog
e:\glgems\glew-2.1.0\bin\glew.dir\debug\glew.tlog\cl.write.1.tlog
e:\glgems\glew-2.1.0\bin\glew.dir\debug\glew.tlog\custombuild.command.1.tlog
e:\glgems\glew-2.1.0\bin\glew.dir\debug\glew.tlog\custombuild.read.1.tlog
e:\glgems\glew-2.1.0\bin\glew.dir\debug\glew.tlog\custombuild.write.1.tlog
e:\glgems\glew-2.1.0\bin\glew.dir\debug\glew.tlog\glew.write.1u.tlog
e:\glgems\glew-2.1.0\bin\glew.dir\debug\glew.tlog\link.command.1.tlog
e:\glgems\glew-2.1.0\bin\glew.dir\debug\glew.tlog\link.read.1.tlog
e:\glgems\glew-2.1.0\bin\glew.dir\debug\glew.tlog\link.write.1.tlog
e:\glgems\glew-2.1.0\bin\glew.dir\debug\glew.tlog\rc.command.1.tlog
e:\glgems\glew-2.1.0\bin\glew.dir\debug\glew.tlog\rc.read.1.tlog
e:\glgems\glew-2.1.0\bin\glew.dir\debug\glew.tlog\rc.write.1.tlog
