C:\Program Files (x86)\Microsoft Visual Studio\2019\Community\MSBuild\Microsoft\VC\v160\Microsoft.CppBuild.targets(499,5): warning MSB8004: Output 目录未以斜杠结尾。  此生成实例将添加斜杠，因为必须有这个斜杠才能正确计算 Output 目录。
  glad.c
  main.cpp
base.lib(shaderClass.obj) : error LNK2038: 检测到“_ITERATOR_DEBUG_LEVEL”的不匹配项: 值“2”不匹配值“0”(main.obj 中)
base.lib(shaderClass.obj) : error LNK2038: 检测到“RuntimeLibrary”的不匹配项: 值“MDd_DynamicDebug”不匹配值“MD_DynamicRelease”(main.obj 中)
base.lib(shaderClass.obj) : warning LNK4075: 忽略“/EDITANDCONTINUE”(由于“/OPT:ICF”规范)
base.lib(Camera.obj) : error LNK2038: 检测到“_ITERATOR_DEBUG_LEVEL”的不匹配项: 值“2”不匹配值“0”(main.obj 中)
base.lib(Camera.obj) : error LNK2038: 检测到“RuntimeLibrary”的不匹配项: 值“MDd_DynamicDebug”不匹配值“MD_DynamicRelease”(main.obj 中)
base.lib(Model.obj) : error LNK2038: 检测到“_ITERATOR_DEBUG_LEVEL”的不匹配项: 值“2”不匹配值“0”(main.obj 中)
base.lib(Model.obj) : error LNK2038: 检测到“RuntimeLibrary”的不匹配项: 值“MDd_DynamicDebug”不匹配值“MD_DynamicRelease”(main.obj 中)
base.lib(Texture.obj) : error LNK2038: 检测到“_ITERATOR_DEBUG_LEVEL”的不匹配项: 值“2”不匹配值“0”(main.obj 中)
base.lib(Texture.obj) : error LNK2038: 检测到“RuntimeLibrary”的不匹配项: 值“MDd_DynamicDebug”不匹配值“MD_DynamicRelease”(main.obj 中)
base.lib(Mesh.obj) : error LNK2038: 检测到“_ITERATOR_DEBUG_LEVEL”的不匹配项: 值“2”不匹配值“0”(main.obj 中)
base.lib(Mesh.obj) : error LNK2038: 检测到“RuntimeLibrary”的不匹配项: 值“MDd_DynamicDebug”不匹配值“MD_DynamicRelease”(main.obj 中)
base.lib(VertexBufferObject.obj) : error LNK2038: 检测到“_ITERATOR_DEBUG_LEVEL”的不匹配项: 值“2”不匹配值“0”(main.obj 中)
base.lib(VertexBufferObject.obj) : error LNK2038: 检测到“RuntimeLibrary”的不匹配项: 值“MDd_DynamicDebug”不匹配值“MD_DynamicRelease”(main.obj 中)
base.lib(VertexArrayObject.obj) : error LNK2038: 检测到“_ITERATOR_DEBUG_LEVEL”的不匹配项: 值“2”不匹配值“0”(main.obj 中)
base.lib(VertexArrayObject.obj) : error LNK2038: 检测到“RuntimeLibrary”的不匹配项: 值“MDd_DynamicDebug”不匹配值“MD_DynamicRelease”(main.obj 中)
base.lib(ElementBufferObject.obj) : error LNK2038: 检测到“_ITERATOR_DEBUG_LEVEL”的不匹配项: 值“2”不匹配值“0”(main.obj 中)
base.lib(ElementBufferObject.obj) : error LNK2038: 检测到“RuntimeLibrary”的不匹配项: 值“MDd_DynamicDebug”不匹配值“MD_DynamicRelease”(main.obj 中)
LINK : warning LNK4098: 默认库“MSVCRTD”与其他库的使用冲突；请使用 /NODEFAULTLIB:library
base.lib(shaderClass.obj) : error LNK2001: 无法解析的外部符号 __imp__invalid_parameter
base.lib(Model.obj) : error LNK2001: 无法解析的外部符号 __imp__invalid_parameter
base.lib(Mesh.obj) : error LNK2001: 无法解析的外部符号 __imp__invalid_parameter
base.lib(shaderClass.obj) : error LNK2001: 无法解析的外部符号 __imp__CrtDbgReport
base.lib(Model.obj) : error LNK2001: 无法解析的外部符号 __imp__CrtDbgReport
base.lib(Mesh.obj) : error LNK2001: 无法解析的外部符号 __imp__CrtDbgReport
.\baseScene.exe : fatal error LNK1120: 2 个无法解析的外部命令
